<?xml version="1.0" encoding="UTF-8"?>
<!-- Generated by org.testng.reporters.JUnitReportReporter -->
<testsuite hostname="Balaji" failures="0" tests="1" name="com.qa.testcases.SearchFlights" time="26.788" errors="0" timestamp="2021-10-31T03:10:28 IST" skipped="0">
  <testcase classname="com.qa.testcases.SearchFlights" name="getFlightPrices" time="26.788"/>
  <system-out/>
</testsuite> <!-- com.qa.testcases.SearchFlights -->
